<?xml version="1.0" encoding="UTF-8"?>
<testsuite xmlns:xsi="http://www.w3.org/2001/XMLSchema-instance" xsi:noNamespaceSchemaLocation="https://maven.apache.org/surefire/maven-surefire-plugin/xsd/surefire-test-report-3.0.xsd" version="3.0" name="testrunners.LoginPageRunner" time="64.607" tests="3" errors="0" skipped="0" failures="0">
  <properties>
[...]
</properties>
  <testcase name="Login with Valid Credential using Examples and placeholder #1" classname="Login Page feature" time="43.053">
    <system-out><![CDATA[
@Smoke
Scenario Outline: Login with Valid Credential using Examples and placeholder # src/test/resources/features/LoginPage.feature:14
browser is: chrome
 INFO [main] (LoginPageSteps.java:30)- URL is opened.
  Given user navigates to Guru99Bank url                                     # stepdefinations.LoginPageSteps.user_navigates_to_guru99bank_url()
 INFO [main] (LoginPageSteps.java:37)- Entered username.
 INFO [main] (LoginPageSteps.java:40)- Entered password.
  When user enters "mngr355479" and "EjUtamE"                                # stepdefinations.LoginPageSteps.user_enters_and(java.lang.String,java.lang.String)
 INFO [main] (LoginPageSteps.java:46)- Clicked on Submit.
  And click on Submit                                                        # stepdefinations.LoginPageSteps.click_on_submit()
  Then user on the Manager Home Page                                         # stepdefinations.LoginPageSteps.user_on_the_manager_home_page()
  And Verify ManagerId is "mngr355479" display on the manager home page      # stepdefinations.LoginPageSteps.verify_manager_id_is_display_on_the_manager_home_page(java.lang.String)
]]></system-out>
    <system-err><![CDATA[SLF4J: Failed to load class "org.slf4j.impl.StaticLoggerBinder".
SLF4J: Defaulting to no-operation (NOP) logger implementation
SLF4J: See http://www.slf4j.org/codes.html#StaticLoggerBinder for further details.
log4j:WARN No appenders could be found for logger (io.netty.util.internal.logging.InternalLoggerFactory).
log4j:WARN Please initialize the log4j system properly.
log4j:WARN See http://logging.apache.org/log4j/1.2/faq.html#noconfig for more info.
Starting ChromeDriver 94.0.4606.61 (418b78f5838ed0b1c69bb4e51ea0252171854915-refs/branch-heads/4606@{#1204}) on port 21080
Only local connections are allowed.
Please see https://chromedriver.chromium.org/security-considerations for suggestions on keeping ChromeDriver safe.
ChromeDriver was started successfully.
Sep 28, 2021 11:34:19 PM org.openqa.selenium.remote.ProtocolHandshake createSession
INFO: Detected dialect: W3C
Sep 28, 2021 11:34:19 PM org.openqa.selenium.devtools.CdpVersionFinder findNearestMatch
WARNING: Unable to find an exact match for CDP version 94, so returning the closest version found: 93
Sep 28, 2021 11:34:19 PM org.openqa.selenium.devtools.CdpVersionFinder findNearestMatch
INFO: Found CDP implementation for version 94 of 93
Sep 28, 2021 11:34:26 PM org.openqa.selenium.remote.http.WebSocket$Listener onError
WARNING: Connection reset
java.net.SocketException: Connection reset
	at java.base/sun.nio.ch.SocketChannelImpl.throwConnectionReset(SocketChannelImpl.java:367)
	at java.base/sun.nio.ch.SocketChannelImpl.read(SocketChannelImpl.java:398)
	at io.netty.buffer.PooledByteBuf.setBytes(PooledByteBuf.java:253)
	at io.netty.buffer.AbstractByteBuf.writeBytes(AbstractByteBuf.java:1132)
	at io.netty.channel.socket.nio.NioSocketChannel.doReadBytes(NioSocketChannel.java:350)
	at io.netty.channel.nio.AbstractNioByteChannel$NioByteUnsafe.read(AbstractNioByteChannel.java:151)
	at io.netty.channel.nio.NioEventLoop.processSelectedKey(NioEventLoop.java:719)
	at io.netty.channel.nio.NioEventLoop.processSelectedKeysOptimized(NioEventLoop.java:655)
	at io.netty.channel.nio.NioEventLoop.processSelectedKeys(NioEventLoop.java:581)
	at io.netty.channel.nio.NioEventLoop.run(NioEventLoop.java:493)
	at io.netty.util.concurrent.SingleThreadEventExecutor$4.run(SingleThreadEventExecutor.java:986)
	at io.netty.util.internal.ThreadExecutorMap$2.run(ThreadExecutorMap.java:74)
	at io.netty.util.concurrent.FastThreadLocalRunnable.run(FastThreadLocalRunnable.java:30)
	at java.base/java.lang.Thread.run(Thread.java:832)

]]></system-err>
  </testcase>
  <testcase name="Login with Valid Credential using Examples and placeholder #2" classname="Login Page feature" time="7.298">
    <system-out><![CDATA[
@Smoke
Scenario Outline: Login with Valid Credential using Examples and placeholder # src/test/resources/features/LoginPage.feature:15
browser is: chrome
 INFO [main] (LoginPageSteps.java:30)- URL is opened.
  Given user navigates to Guru99Bank url                                     # stepdefinations.LoginPageSteps.user_navigates_to_guru99bank_url()
 INFO [main] (LoginPageSteps.java:37)- Entered username.
 INFO [main] (LoginPageSteps.java:40)- Entered password.
  When user enters "mngr355479" and "EjUtamE"                                # stepdefinations.LoginPageSteps.user_enters_and(java.lang.String,java.lang.String)
 INFO [main] (LoginPageSteps.java:46)- Clicked on Submit.
  And click on Submit                                                        # stepdefinations.LoginPageSteps.click_on_submit()
  Then user on the Manager Home Page                                         # stepdefinations.LoginPageSteps.user_on_the_manager_home_page()
  And Verify ManagerId is "mngr355479" display on the manager home page      # stepdefinations.LoginPageSteps.verify_manager_id_is_display_on_the_manager_home_page(java.lang.String)
]]></system-out>
    <system-err><![CDATA[Starting ChromeDriver 94.0.4606.61 (418b78f5838ed0b1c69bb4e51ea0252171854915-refs/branch-heads/4606@{#1204}) on port 8192
Only local connections are allowed.
Please see https://chromedriver.chromium.org/security-considerations for suggestions on keeping ChromeDriver safe.
ChromeDriver was started successfully.
Sep 28, 2021 11:34:27 PM org.openqa.selenium.remote.ProtocolHandshake createSession
INFO: Detected dialect: W3C
Sep 28, 2021 11:34:27 PM org.openqa.selenium.devtools.CdpVersionFinder findNearestMatch
WARNING: Unable to find an exact match for CDP version 94, so returning the closest version found: 93
Sep 28, 2021 11:34:27 PM org.openqa.selenium.devtools.CdpVersionFinder findNearestMatch
INFO: Found CDP implementation for version 94 of 93
]]></system-err>
  </testcase>
  <testcase name="Login with Invalid Credential" classname="Login Page feature" time="7.803">
    <system-out><![CDATA[
@Smoke
Scenario: Login with Invalid Credential                       # src/test/resources/features/LoginPage.feature:38
browser is: chrome
 INFO [main] (LoginPageSteps.java:30)- URL is opened.
  Given user navigates to Guru99Bank url                      # stepdefinations.LoginPageSteps.user_navigates_to_guru99bank_url()
 INFO [main] (LoginPageSteps.java:37)- Entered username.
 INFO [main] (LoginPageSteps.java:40)- Entered password.
  When user enters "nirav" and "nirav234"                     # stepdefinations.LoginPageSteps.user_enters_and(java.lang.String,java.lang.String)
 INFO [main] (LoginPageSteps.java:46)- Clicked on Submit.
  And click on Submit                                         # stepdefinations.LoginPageSteps.click_on_submit()
  Then Verify Alert Message for invalid username and password # stepdefinations.LoginPageSteps.verify_alert_message_for_invalid_username_and_password()
]]></system-out>
    <system-err><![CDATA[Starting ChromeDriver 94.0.4606.61 (418b78f5838ed0b1c69bb4e51ea0252171854915-refs/branch-heads/4606@{#1204}) on port 7983
Only local connections are allowed.
Please see https://chromedriver.chromium.org/security-considerations for suggestions on keeping ChromeDriver safe.
ChromeDriver was started successfully.
Sep 28, 2021 11:34:34 PM org.openqa.selenium.remote.ProtocolHandshake createSession
INFO: Detected dialect: W3C
Sep 28, 2021 11:34:34 PM org.openqa.selenium.devtools.CdpVersionFinder findNearestMatch
WARNING: Unable to find an exact match for CDP version 94, so returning the closest version found: 93
Sep 28, 2021 11:34:34 PM org.openqa.selenium.devtools.CdpVersionFinder findNearestMatch
INFO: Found CDP implementation for version 94 of 93
]]></system-err>
  </testcase>
</testsuite>